<?xml version="1.0" encoding="UTF-8"?>
<coverage generated="1531774245846" clover="3.2.0">
  <project timestamp="1531774245846" name="All files">
    <metrics statements="12" coveredstatements="5" conditionals="0" coveredconditionals="0" methods="4" coveredmethods="3" elements="16" coveredelements="8" complexity="0" loc="12" ncloc="12" packages="2" files="5" classes="5">
      <package name="src">
        <metrics statements="7" coveredstatements="0" conditionals="0" coveredconditionals="0" methods="1" coveredmethods="0"/>
        <file name="App.vue" path="/home/kocal/Dev/vue-cli-no-coverage-on-typescript-files/src/App.vue">
          <metrics statements="1" coveredstatements="0" conditionals="0" coveredconditionals="0" methods="0" coveredmethods="0"/>
          <line num="10" count="0" type="stmt"/>
        </file>
        <file name="main.ts" path="/home/kocal/Dev/vue-cli-no-coverage-on-typescript-files/src/main.ts">
          <metrics statements="6" coveredstatements="0" conditionals="0" coveredconditionals="0" methods="1" coveredmethods="0"/>
          <line num="3" count="0" type="stmt"/>
          <line num="7" count="0" type="stmt"/>
          <line num="9" count="0" type="stmt"/>
          <line num="11" count="0" type="stmt"/>
          <line num="12" count="0" type="stmt"/>
          <line num="14" count="0" type="stmt"/>
        </file>
      </package>
      <package name="src.services">
        <metrics statements="5" coveredstatements="5" conditionals="0" coveredconditionals="0" methods="3" coveredmethods="3"/>
        <file name="divider.ts" path="/home/kocal/Dev/vue-cli-no-coverage-on-typescript-files/src/services/divider.ts">
          <metrics statements="2" coveredstatements="2" conditionals="0" coveredconditionals="0" methods="1" coveredmethods="1"/>
          <line num="2" count="1" type="stmt"/>
          <line num="3" count="1" type="stmt"/>
        </file>
        <file name="multiplier.js" path="/home/kocal/Dev/vue-cli-no-coverage-on-typescript-files/src/services/multiplier.js">
          <metrics statements="1" coveredstatements="1" conditionals="0" coveredconditionals="0" methods="1" coveredmethods="1"/>
          <line num="1" count="1" type="stmt"/>
        </file>
        <file name="substracter.ts" path="/home/kocal/Dev/vue-cli-no-coverage-on-typescript-files/src/services/substracter.ts">
          <metrics statements="2" coveredstatements="2" conditionals="0" coveredconditionals="0" methods="1" coveredmethods="1"/>
          <line num="2" count="1" type="stmt"/>
          <line num="3" count="1" type="stmt"/>
        </file>
      </package>
    </metrics>
  </project>
</coverage>
