{"/home/kocal/Dev/vue-cli-no-coverage-on-typescript-files/src/App.vue": {"path":"/home/kocal/Dev/vue-cli-no-coverage-on-typescript-files/src/App.vue","statementMap":{"0":{"start":{"line":10,"column":0},"end":{"line":null,"column":-1}}},"fnMap":{},"branchMap":{},"s":{"0":0},"f":{},"b":{}}
,"/home/kocal/Dev/vue-cli-no-coverage-on-typescript-files/src/main.ts": {"path":"/home/kocal/Dev/vue-cli-no-coverage-on-typescript-files/src/main.ts","statementMap":{"0":{"start":{"line":3,"column":0},"end":{"line":5,"column":3}},"1":{"start":{"line":7,"column":12},"end":{"line":7,"column":26}},"2":{"start":{"line":9,"column":16},"end":{"line":9,"column":36}},"3":{"start":{"line":11,"column":0},"end":{"line":11,"column":43}},"4":{"start":{"line":12,"column":0},"end":{"line":16,"column":18}},"5":{"start":{"line":14,"column":4},"end":{"line":14,"column":32}}},"fnMap":{"0":{"name":"render","decl":{"start":{"line":13,"column":19},"end":{"line":13,"column":25}},"loc":{"start":{"line":13,"column":29},"end":{"line":15,"column":3}},"line":13}},"branchMap":{},"s":{"0":0,"1":0,"2":0,"3":0,"4":0,"5":0},"f":{"0":0},"b":{}}
,"/home/kocal/Dev/vue-cli-no-coverage-on-typescript-files/src/services/divider.ts": {"path":"/home/kocal/Dev/vue-cli-no-coverage-on-typescript-files/src/services/divider.ts","statementMap":{"0":{"start":{"line":2,"column":0},"end":{"line":2,"column":62}},"1":{"start":{"line":3,"column":0},"end":{"line":3,"column":33}},"2":{"start":{"line":3,"column":27},"end":{"line":3,"column":32}}},"fnMap":{"0":{"name":"(anonymous_0)","decl":{"start":{"line":3,"column":17},"end":{"line":3,"column":18}},"loc":{"start":{"line":3,"column":27},"end":{"line":3,"column":32}},"line":3}},"branchMap":{},"s":{"0":1,"1":1,"2":1},"f":{"0":1},"b":{},"_coverageSchema":"332fd63041d2c1bcb487cc26dd0d5f7d97098a6c","hash":"670d2c88f8ec0736e8de56e97304d71574fea010"}
,"/home/kocal/Dev/vue-cli-no-coverage-on-typescript-files/src/services/multiplier.js": {"path":"/home/kocal/Dev/vue-cli-no-coverage-on-typescript-files/src/services/multiplier.js","statementMap":{"0":{"start":{"line":1,"column":24},"end":{"line":1,"column":39}},"1":{"start":{"line":1,"column":34},"end":{"line":1,"column":39}}},"fnMap":{"0":{"name":"(anonymous_0)","decl":{"start":{"line":1,"column":24},"end":{"line":1,"column":25}},"loc":{"start":{"line":1,"column":34},"end":{"line":1,"column":39}},"line":1}},"branchMap":{},"s":{"0":1,"1":1},"f":{"0":1},"b":{},"_coverageSchema":"332fd63041d2c1bcb487cc26dd0d5f7d97098a6c","hash":"ef236cb147259327c93e06362f44d8e301c52ee8"}
,"/home/kocal/Dev/vue-cli-no-coverage-on-typescript-files/src/services/substracter.ts": {"path":"/home/kocal/Dev/vue-cli-no-coverage-on-typescript-files/src/services/substracter.ts","statementMap":{"0":{"start":{"line":2,"column":0},"end":{"line":2,"column":62}},"1":{"start":{"line":3,"column":0},"end":{"line":3,"column":36}},"2":{"start":{"line":3,"column":30},"end":{"line":3,"column":35}}},"fnMap":{"0":{"name":"(anonymous_0)","decl":{"start":{"line":3,"column":20},"end":{"line":3,"column":21}},"loc":{"start":{"line":3,"column":30},"end":{"line":3,"column":35}},"line":3}},"branchMap":{},"s":{"0":1,"1":1,"2":1},"f":{"0":1},"b":{},"_coverageSchema":"332fd63041d2c1bcb487cc26dd0d5f7d97098a6c","hash":"812ff83ab4d3948e0e11a780d99ebfd7a2220295"}
}
