TN:
SF:/home/kocal/Dev/vue-cli-no-coverage-on-typescript-files/src/App.vue
FNF:0
FNH:0
DA:10,0
LF:1
LH:0
BRF:0
BRH:0
end_of_record
TN:
SF:/home/kocal/Dev/vue-cli-no-coverage-on-typescript-files/src/main.ts
FN:13,render
FNF:1
FNH:0
FNDA:0,render
DA:3,0
DA:7,0
DA:9,0
DA:11,0
DA:12,0
DA:14,0
LF:6
LH:0
BRF:0
BRH:0
end_of_record
TN:
SF:/home/kocal/Dev/vue-cli-no-coverage-on-typescript-files/src/services/divider.ts
FN:3,(anonymous_0)
FNF:1
FNH:1
FNDA:1,(anonymous_0)
DA:2,1
DA:3,1
LF:2
LH:2
BRF:0
BRH:0
end_of_record
TN:
SF:/home/kocal/Dev/vue-cli-no-coverage-on-typescript-files/src/services/multiplier.js
FN:1,(anonymous_0)
FNF:1
FNH:1
FNDA:1,(anonymous_0)
DA:1,1
LF:1
LH:1
BRF:0
BRH:0
end_of_record
TN:
SF:/home/kocal/Dev/vue-cli-no-coverage-on-typescript-files/src/services/substracter.ts
FN:3,(anonymous_0)
FNF:1
FNH:1
FNDA:1,(anonymous_0)
DA:2,1
DA:3,1
LF:2
LH:2
BRF:0
BRH:0
end_of_record
