TN:
SF:/home/kocal/Dev/vue-cli-no-coverage-on-typescript-files/src/App.vue
FNF:0
FNH:0
DA:10,0
LF:1
LH:0
BRF:0
BRH:0
end_of_record
TN:
SF:/home/kocal/Dev/vue-cli-no-coverage-on-typescript-files/src/main.ts
FN:7,render
FNF:1
FNH:0
FNDA:0,render
DA:1,0
DA:2,0
DA:4,0
DA:6,0
DA:7,0
LF:5
LH:0
BRF:0
BRH:0
end_of_record
TN:
SF:/home/kocal/Dev/vue-cli-no-coverage-on-typescript-files/src/services/multiplier.js
FN:1,(anonymous_0)
FNF:1
FNH:1
FNDA:1,(anonymous_0)
DA:1,1
LF:1
LH:1
BRF:0
BRH:0
end_of_record
